[15-Mar-2025 17:25:01] NOTICE: fpm is running, pid 55621
[15-Mar-2025 17:25:01] NOTICE: ready to handle connections
[15-Mar-2025 17:29:53] NOTICE: Terminating ...
[15-Mar-2025 17:29:53] NOTICE: Terminating ...
[15-Mar-2025 17:29:53] NOTICE: exiting, bye-bye!
[15-Mar-2025 17:29:55] NOTICE: fpm is running, pid 55956
[15-Mar-2025 17:29:55] NOTICE: ready to handle connections
[16-Mar-2025 16:05:36] NOTICE: Terminating ...
[16-Mar-2025 16:05:36] NOTICE: Terminating ...
[16-Mar-2025 16:05:36] NOTICE: exiting, bye-bye!
[16-Mar-2025 21:50:39] NOTICE: fpm is running, pid 11868
[16-Mar-2025 21:50:40] NOTICE: ready to handle connections
[16-Mar-2025 21:51:36] NOTICE: Terminating ...
[16-Mar-2025 21:51:36] NOTICE: Terminating ...
[16-Mar-2025 21:51:36] NOTICE: exiting, bye-bye!
[16-Mar-2025 21:51:38] NOTICE: fpm is running, pid 11936
[16-Mar-2025 21:51:38] NOTICE: ready to handle connections
[18-Mar-2025 16:02:49] NOTICE: Terminating ...
[18-Mar-2025 16:02:49] NOTICE: Terminating ...
[18-Mar-2025 16:02:49] NOTICE: exiting, bye-bye!
[20-Mar-2025 18:42:06] NOTICE: fpm is running, pid 2178
[20-Mar-2025 18:42:06] NOTICE: ready to handle connections
[28-Mar-2025 20:32:45] NOTICE: Terminating ...
[28-Mar-2025 20:32:45] NOTICE: Terminating ...
[28-Mar-2025 20:32:45] NOTICE: exiting, bye-bye!
[30-Mar-2025 23:50:30] NOTICE: fpm is running, pid 89442
[30-Mar-2025 23:50:30] NOTICE: ready to handle connections
[03-Apr-2025 04:28:36] NOTICE: fpm is running, pid 71854
[03-Apr-2025 04:28:36] NOTICE: ready to handle connections
[03-Apr-2025 04:28:44] NOTICE: Terminating ...
[03-Apr-2025 04:28:44] NOTICE: Terminating ...
[03-Apr-2025 04:28:44] NOTICE: exiting, bye-bye!
[03-Apr-2025 04:28:51] NOTICE: fpm is running, pid 71910
[03-Apr-2025 04:28:51] NOTICE: ready to handle connections
[03-Apr-2025 04:43:43] NOTICE: Terminating ...
[03-Apr-2025 04:43:43] NOTICE: Terminating ...
[03-Apr-2025 04:43:43] NOTICE: exiting, bye-bye!
[03-Apr-2025 04:44:53] NOTICE: fpm is running, pid 72421
[03-Apr-2025 04:44:53] NOTICE: ready to handle connections
[04-Apr-2025 12:33:10] NOTICE: Terminating ...
[04-Apr-2025 12:33:10] NOTICE: Terminating ...
[04-Apr-2025 12:33:10] NOTICE: exiting, bye-bye!
[06-Apr-2025 00:39:01] NOTICE: fpm is running, pid 24268
[06-Apr-2025 00:39:01] NOTICE: ready to handle connections
[17-Apr-2025 00:56:49] NOTICE: Terminating ...
[17-Apr-2025 00:56:49] NOTICE: Terminating ...
[17-Apr-2025 00:56:49] NOTICE: exiting, bye-bye!
[17-Apr-2025 01:55:41] NOTICE: fpm is running, pid 92550
[17-Apr-2025 01:55:41] NOTICE: ready to handle connections
[17-Apr-2025 02:11:04] NOTICE: Terminating ...
[17-Apr-2025 02:11:04] NOTICE: Terminating ...
[17-Apr-2025 02:11:04] NOTICE: exiting, bye-bye!
[17-Apr-2025 02:11:16] NOTICE: fpm is running, pid 92812
[17-Apr-2025 02:11:16] NOTICE: ready to handle connections
[17-Apr-2025 02:17:06] NOTICE: Terminating ...
[17-Apr-2025 02:17:06] NOTICE: Terminating ...
[17-Apr-2025 02:17:06] NOTICE: exiting, bye-bye!
[17-Apr-2025 02:17:16] NOTICE: fpm is running, pid 93545
[17-Apr-2025 02:17:16] NOTICE: ready to handle connections
[17-Apr-2025 02:22:01] NOTICE: Terminating ...
[17-Apr-2025 02:22:01] NOTICE: Terminating ...
[17-Apr-2025 02:22:01] NOTICE: exiting, bye-bye!
[17-Apr-2025 02:22:03] NOTICE: fpm is running, pid 94229
[17-Apr-2025 02:22:03] NOTICE: ready to handle connections
[17-Apr-2025 02:27:39] NOTICE: Terminating ...
[17-Apr-2025 02:27:39] NOTICE: Terminating ...
[17-Apr-2025 02:27:39] NOTICE: exiting, bye-bye!
[17-Apr-2025 02:27:55] NOTICE: fpm is running, pid 94349
[17-Apr-2025 02:27:55] NOTICE: ready to handle connections
[17-Apr-2025 02:31:05] NOTICE: Terminating ...
[17-Apr-2025 02:31:05] NOTICE: Terminating ...
[17-Apr-2025 02:31:05] NOTICE: exiting, bye-bye!
[17-Apr-2025 02:31:37] NOTICE: fpm is running, pid 94497
[17-Apr-2025 02:31:37] NOTICE: ready to handle connections
[17-Apr-2025 02:34:25] NOTICE: Terminating ...
[17-Apr-2025 02:34:25] NOTICE: Terminating ...
[17-Apr-2025 02:34:25] NOTICE: exiting, bye-bye!
[17-Apr-2025 02:34:40] NOTICE: fpm is running, pid 94628
[17-Apr-2025 02:34:40] NOTICE: ready to handle connections
[17-Apr-2025 02:34:53] NOTICE: Terminating ...
[17-Apr-2025 02:34:53] NOTICE: Terminating ...
[17-Apr-2025 02:34:53] NOTICE: exiting, bye-bye!
[17-Apr-2025 02:36:14] NOTICE: fpm is running, pid 94700
[17-Apr-2025 02:36:14] NOTICE: ready to handle connections
[17-Apr-2025 03:08:36] NOTICE: Terminating ...
[17-Apr-2025 03:08:36] NOTICE: Terminating ...
[17-Apr-2025 03:08:36] NOTICE: exiting, bye-bye!
[17-Apr-2025 03:08:43] NOTICE: fpm is running, pid 96837
[17-Apr-2025 03:08:43] NOTICE: ready to handle connections
[17-Apr-2025 03:09:36] NOTICE: Terminating ...
[17-Apr-2025 03:09:36] NOTICE: Terminating ...
[17-Apr-2025 03:09:36] NOTICE: exiting, bye-bye!
[17-Apr-2025 03:21:13] NOTICE: fpm is running, pid 97950
[17-Apr-2025 03:21:13] NOTICE: ready to handle connections
[17-Apr-2025 04:18:01] NOTICE: Terminating ...
[17-Apr-2025 04:18:01] NOTICE: Terminating ...
[17-Apr-2025 04:18:01] NOTICE: exiting, bye-bye!
[17-Apr-2025 04:18:03] NOTICE: fpm is running, pid 99147
[17-Apr-2025 04:18:03] NOTICE: ready to handle connections
[17-Apr-2025 04:30:36] NOTICE: Terminating ...
[17-Apr-2025 04:30:36] NOTICE: Terminating ...
[17-Apr-2025 04:30:36] NOTICE: exiting, bye-bye!
[17-Apr-2025 04:37:06] NOTICE: fpm is running, pid 567
[17-Apr-2025 04:37:06] NOTICE: ready to handle connections
[17-Apr-2025 04:46:01] NOTICE: fpm is running, pid 909
[17-Apr-2025 04:46:01] NOTICE: ready to handle connections
[17-Apr-2025 04:46:07] NOTICE: Terminating ...
[17-Apr-2025 04:46:07] NOTICE: Terminating ...
[17-Apr-2025 04:46:07] NOTICE: exiting, bye-bye!
[17-Apr-2025 04:46:12] NOTICE: fpm is running, pid 1018
[17-Apr-2025 04:46:12] NOTICE: ready to handle connections
[17-Apr-2025 04:49:51] NOTICE: Terminating ...
[17-Apr-2025 04:49:51] NOTICE: Terminating ...
[17-Apr-2025 04:49:51] NOTICE: exiting, bye-bye!
[17-Apr-2025 04:50:07] NOTICE: fpm is running, pid 1515
[17-Apr-2025 04:50:07] NOTICE: ready to handle connections
[22-Apr-2025 00:06:17] NOTICE: Terminating ...
[22-Apr-2025 00:06:17] NOTICE: Terminating ...
[22-Apr-2025 00:06:17] NOTICE: exiting, bye-bye!
[22-Apr-2025 00:06:22] NOTICE: fpm is running, pid 93787
[22-Apr-2025 00:06:22] NOTICE: ready to handle connections
[24-Apr-2025 00:26:33] NOTICE: Terminating ...
[24-Apr-2025 00:26:33] NOTICE: Terminating ...
[24-Apr-2025 00:26:33] NOTICE: exiting, bye-bye!
[24-Apr-2025 01:02:03] NOTICE: fpm is running, pid 34469
[24-Apr-2025 01:02:03] NOTICE: ready to handle connections
[24-Apr-2025 01:07:35] NOTICE: Terminating ...
[24-Apr-2025 01:07:35] NOTICE: exiting, bye-bye!
[24-Apr-2025 01:11:16] NOTICE: fpm is running, pid 34922
[24-Apr-2025 01:11:16] NOTICE: ready to handle connections
[24-Apr-2025 01:17:11] NOTICE: Terminating ...
[24-Apr-2025 01:17:11] NOTICE: exiting, bye-bye!
[24-Apr-2025 01:17:20] NOTICE: fpm is running, pid 35150
[24-Apr-2025 01:17:20] NOTICE: ready to handle connections
[24-Apr-2025 01:49:50] NOTICE: Terminating ...
[24-Apr-2025 01:49:50] NOTICE: exiting, bye-bye!
[24-Apr-2025 01:53:17] NOTICE: fpm is running, pid 36795
[24-Apr-2025 01:53:17] NOTICE: ready to handle connections
[24-Apr-2025 01:54:51] NOTICE: Terminating ...
[24-Apr-2025 01:54:51] NOTICE: Terminating ...
[24-Apr-2025 01:54:51] NOTICE: exiting, bye-bye!
[24-Apr-2025 02:06:56] NOTICE: fpm is running, pid 38564
[24-Apr-2025 02:06:56] NOTICE: ready to handle connections
